<?xml version="1.0" encoding="UTF-8"?>
<testng-results ignored="0" total="1" passed="1" failed="0" skipped="0">
  <reporter-output>
  </reporter-output>
  <suite started-at="2025-12-26T16:55:17 IST" name="Default suite" finished-at="2025-12-26T16:55:19 IST" duration-ms="1943">
    <groups>
    </groups>
    <test started-at="2025-12-26T16:55:17 IST" name="Default test" finished-at="2025-12-26T16:55:19 IST" duration-ms="1943">
      <class name="parameters.QueryParameters.QueryParametersDemo">
        <test-method signature="QueryParams()[pri:0, instance:parameters.QueryParameters.QueryParametersDemo@4c583ecf]" started-at="2025-12-26T16:55:17 IST" name="QueryParams" finished-at="2025-12-26T16:55:19 IST" duration-ms="1899" status="PASS">
          <reporter-output>
          </reporter-output>
        </test-method> <!-- QueryParams -->
      </class> <!-- parameters.QueryParameters.QueryParametersDemo -->
    </test> <!-- Default test -->
  </suite> <!-- Default suite -->
</testng-results>
