<?xml version="1.0" encoding="UTF-8"?>
<testng-results ignored="0" total="1" passed="1" failed="0" skipped="0">
  <reporter-output>
  </reporter-output>
  <suite started-at="2025-12-14T23:23:31 IST" name="Default suite" finished-at="2025-12-14T23:23:33 IST" duration-ms="1925">
    <groups>
    </groups>
    <test started-at="2025-12-14T23:23:31 IST" name="Default test" finished-at="2025-12-14T23:23:33 IST" duration-ms="1925">
      <class name="hTTPSMethods.HttpMethodsDemo">
        <test-method signature="getUser()[pri:1, instance:hTTPSMethods.HttpMethodsDemo@4c583ecf]" started-at="2025-12-14T23:23:31 IST" name="getUser" finished-at="2025-12-14T23:23:33 IST" duration-ms="1881" status="PASS">
          <reporter-output>
          </reporter-output>
        </test-method> <!-- getUser -->
      </class> <!-- hTTPSMethods.HttpMethodsDemo -->
    </test> <!-- Default test -->
  </suite> <!-- Default suite -->
</testng-results>
