<?xml version="1.0" encoding="UTF-8"?>
<!-- Generated by org.testng.reporters.JUnitXMLReporter -->
<testsuite ignored="0" hostname="bdc14-l-4506pks" failures="0" tests="4" name="Default test" time="2.155" errors="0" timestamp="2025-12-25T00:01:06 IST">
  <testcase classname="hTTPSMethods.HTTPSMethodsDemo" name="getUsers" time="1.762"/>
  <testcase classname="hTTPSMethods.HTTPSMethodsDemo" name="CreateUser" time="0.283"/>
  <testcase classname="hTTPSMethods.HTTPSMethodsDemo" name="Updateuser" time="0.045"/>
  <testcase classname="hTTPSMethods.HTTPSMethodsDemo" name="deleteUser" time="0.014"/>
</testsuite> <!-- Default test -->
