<?xml version="1.0" encoding="UTF-8"?>
<!-- Generated by org.testng.reporters.JUnitReportReporter -->
<testsuite hostname="bdc14-l-4506pks" failures="0" tests="1" name="postRequestBodyApproaches.UsingExternalJSON.UsingExternalJSONDemo" time="2.231" errors="0" timestamp="2025-12-26T16:00:17 IST" skipped="0">
  <testcase classname="postRequestBodyApproaches.UsingExternalJSON.UsingExternalJSONDemo" name="createStudentsUsingExternalJson" time="2.231"/>
</testsuite> <!-- postRequestBodyApproaches.UsingExternalJSON.UsingExternalJSONDemo -->
