<?xml version="1.0" encoding="UTF-8"?>
<!-- Generated by org.testng.reporters.JUnitReportReporter -->
<testsuite hostname="bdc14-l-4506pks" failures="0" tests="1" name="postRequestBodyApproaches.HashmapApproach.HashmapApproachDemo" time="2.314" errors="0" timestamp="2025-12-25T20:10:02 IST" skipped="0">
  <testcase classname="postRequestBodyApproaches.HashmapApproach.HashmapApproachDemo" name="CreateStudentsUsingHashmap" time="2.314"/>
</testsuite> <!-- postRequestBodyApproaches.HashmapApproach.HashmapApproachDemo -->
