<?xml version="1.0" encoding="UTF-8"?>
<!-- Generated by org.testng.reporters.JUnitReportReporter -->
<testsuite hostname="bdc14-l-4506pks" failures="0" tests="1" name="postRequestBodyApproaches.orgjsonlibrraryapproach.JsonLibraryApproach" time="2.069" errors="0" timestamp="2025-12-26T00:20:32 IST" skipped="0">
  <testcase classname="postRequestBodyApproaches.orgjsonlibrraryapproach.JsonLibraryApproach" name="createStudentsUsingJSONLibrary" time="2.069"/>
</testsuite> <!-- postRequestBodyApproaches.orgjsonlibrraryapproach.JsonLibraryApproach -->
